<?xml version="1.0" encoding="UTF-8"?>
<!-- Generated by org.testng.reporters.JUnitXMLReporter -->
<testsuite ignored="0" hostname="LAPTOP-5IS4ELH8" failures="0" tests="2" name="Test-1" time="12.992" errors="0" timestamp="2023-01-28T19:17:25 EST">
  <testcase classname="Peactice_xmlcalass_1_testng.Amazon_Testng_class_1" name="f" time="2.079"/>
  <testcase classname="Peactice_xmlcalass_1_testng.Ebay_Testing_class_1_testng" name="f" time="2.63"/>
</testsuite> <!-- Test-1 -->
