<?xml version="1.0" encoding="UTF-8"?>
<!-- Generated by org.testng.reporters.JUnitReportReporter -->
<testsuite hostname="LAPTOP-5IS4ELH8" failures="0" tests="12" name="amazonsaerch_dataprovidertectng.ItemTest1" time="27.656" errors="0" timestamp="2023-02-19T17:05:42 EST" skipped="0">
  <testcase classname="amazonsaerch_dataprovidertectng.ItemTest1" name="f" time="2.305"/>
  <system-out/>
  <testcase classname="amazonsaerch_dataprovidertectng.ItemTest1" name="f" time="2.284"/>
  <system-out/>
  <testcase classname="amazonsaerch_dataprovidertectng.ItemTest1" name="f" time="2.398"/>
  <system-out/>
  <testcase classname="amazonsaerch_dataprovidertectng.ItemTest1" name="f" time="2.308"/>
  <system-out/>
  <testcase classname="amazonsaerch_dataprovidertectng.ItemTest1" name="f" time="2.280"/>
  <system-out/>
  <testcase classname="amazonsaerch_dataprovidertectng.ItemTest1" name="f" time="2.327"/>
  <system-out/>
  <testcase classname="amazonsaerch_dataprovidertectng.ItemTest1" name="f" time="2.265"/>
  <system-out/>
  <testcase classname="amazonsaerch_dataprovidertectng.ItemTest1" name="f" time="2.308"/>
  <system-out/>
  <testcase classname="amazonsaerch_dataprovidertectng.ItemTest1" name="f" time="2.360"/>
  <system-out/>
  <testcase classname="amazonsaerch_dataprovidertectng.ItemTest1" name="f" time="2.230"/>
  <system-out/>
  <testcase classname="amazonsaerch_dataprovidertectng.ItemTest1" name="f" time="2.303"/>
  <system-out/>
  <testcase classname="amazonsaerch_dataprovidertectng.ItemTest1" name="f" time="2.288"/>
  <system-out/>
</testsuite> <!-- amazonsaerch_dataprovidertectng.ItemTest1 -->
