<?xml version="1.0" encoding="UTF-8"?>
<!-- Generated by org.testng.reporters.JUnitReportReporter -->
<testsuite hostname="LAPTOP-5IS4ELH8" failures="0" tests="5" name="ebay_data_provider_Testng.ebaydataTest" time="15.804" errors="0" timestamp="2023-02-07T18:30:13 EST" skipped="0">
  <testcase classname="ebay_data_provider_Testng.ebaydataTest" name="f" time="3.197"/>
  <system-out/>
  <testcase classname="ebay_data_provider_Testng.ebaydataTest" name="f" time="4.404"/>
  <system-out/>
  <testcase classname="ebay_data_provider_Testng.ebaydataTest" name="f" time="3.013"/>
  <system-out/>
  <testcase classname="ebay_data_provider_Testng.ebaydataTest" name="f" time="2.679"/>
  <system-out/>
  <testcase classname="ebay_data_provider_Testng.ebaydataTest" name="f" time="2.511"/>
  <system-out/>
</testsuite> <!-- ebay_data_provider_Testng.ebaydataTest -->
