<?xml version="1.0" encoding="UTF-8"?>
<!-- Generated by org.testng.reporters.JUnitReportReporter -->
<testsuite hostname="LAPTOP-5IS4ELH8" failures="0" tests="1" name="Practice_class_3_run_parealel.Test2run" time="4.375" errors="0" timestamp="2023-01-29T18:29:36 EST" skipped="0">
  <testcase classname="Practice_class_3_run_parealel.Test2run" name="amazon" time="4.375"/>
  <system-out/>
</testsuite> <!-- Practice_class_3_run_parealel.Test2run -->
