<?xml version="1.0" encoding="UTF-8"?>
<!-- Generated by org.testng.reporters.JUnitReportReporter -->
<testsuite hostname="LAPTOP-5IS4ELH8" failures="0" tests="1" name="Peactice_xmlcalass_1_testng.Amazon_Testng_class_1" time="4.135" errors="0" timestamp="2023-01-29T18:29:36 EST" skipped="0">
  <testcase classname="Peactice_xmlcalass_1_testng.Amazon_Testng_class_1" name="f" time="4.135"/>
  <system-out/>
</testsuite> <!-- Peactice_xmlcalass_1_testng.Amazon_Testng_class_1 -->
