<?xml version="1.0" encoding="UTF-8"?>
<!-- Generated by org.testng.reporters.JUnitReportReporter -->
<testsuite hostname="LAPTOP-5IS4ELH8" failures="0" tests="1" name="Xml_xml_testng.Ebay_Testing_class_1_testng" time="2.804" errors="0" timestamp="2023-01-29T20:25:18 EST" skipped="0">
  <testcase classname="Xml_xml_testng.Ebay_Testing_class_1_testng" name="ebay" time="2.804"/>
  <system-out/>
</testsuite> <!-- Xml_xml_testng.Ebay_Testing_class_1_testng -->
