<?xml version="1.0" encoding="UTF-8"?>
<!-- Generated by org.testng.reporters.JUnitReportReporter -->
<testsuite hostname="LAPTOP-5IS4ELH8" failures="0" tests="1" name="Peactice_xmlcalass_1.Amazon_Testng_class_1" time="3.325" errors="0" timestamp="2023-01-28T10:58:52 EST" skipped="0">
  <testcase classname="Peactice_xmlcalass_1.Amazon_Testng_class_1" name="f" time="3.325"/>
  <system-out/>
</testsuite> <!-- Peactice_xmlcalass_1.Amazon_Testng_class_1 -->
