<?xml version="1.0" encoding="UTF-8"?>
<!-- Generated by org.testng.reporters.JUnitReportReporter -->
<testsuite hostname="LAPTOP-5IS4ELH8" failures="0" tests="1" name="Amazon_Testng_sel_16.testng_amazon_Test" time="3.174" errors="0" timestamp="2023-02-11T09:15:30 EST" skipped="0">
  <testcase classname="Amazon_Testng_sel_16.testng_amazon_Test" name="amazon" time="3.174"/>
  <system-out/>
</testsuite> <!-- Amazon_Testng_sel_16.testng_amazon_Test -->
